BaiduMapSDK_BikeNavi_Demo/build/outputs/logs/manifest-merger-debug-report.txt
-- Merging decision tree log ---
manifest
ADDED from src\main\AndroidManifest.xml:3:1-76:12
	package
		ADDED from src\main\AndroidManifest.xml:3:11-44
		INJECTED from src\main\AndroidManifest.xml
		INJECTED from src\main\AndroidManifest.xml
	android:versionName
		INJECTED from src\main\AndroidManifest.xml
		INJECTED from src\main\AndroidManifest.xml
	xmlns:android
		ADDED from src\main\AndroidManifest.xml:4:11-69
	android:versionCode
		INJECTED from src\main\AndroidManifest.xml
		INJECTED from src\main\AndroidManifest.xml
uses-permission#com.android.launcher.permission.READ_SETTINGS
ADDED from src\main\AndroidManifest.xml:6:5-84
	android:name
		ADDED from src\main\AndroidManifest.xml:6:22-82
uses-permission#android.permission.ACCESS_COARSE_LOCATION
ADDED from src\main\AndroidManifest.xml:8:5-80
	android:name
		ADDED from src\main\AndroidManifest.xml:8:22-78
uses-permission#android.permission.ACCESS_FINE_LOCATION
ADDED from src\main\AndroidManifest.xml:10:5-78
	android:name
		ADDED from src\main\AndroidManifest.xml:10:22-76
uses-permission#android.permission.ACCESS_WIFI_STATE
ADDED from src\main\AndroidManifest.xml:12:5-75
	android:name
		ADDED from src\main\AndroidManifest.xml:12:22-73
uses-permission#android.permission.ACCESS_NETWORK_STATE
ADDED from src\main\AndroidManifest.xml:14:5-78
	android:name
		ADDED from src\main\AndroidManifest.xml:14:22-76
uses-permission#android.permission.READ_PHONE_STATE
ADDED from src\main\AndroidManifest.xml:16:5-74
	android:name
		ADDED from src\main\AndroidManifest.xml:16:22-72
uses-permission#android.permission.WRITE_EXTERNAL_STORAGE
ADDED from src\main\AndroidManifest.xml:18:5-80
	android:name
		ADDED from src\main\AndroidManifest.xml:18:22-78
uses-permission#android.permission.INTERNET
ADDED from src\main\AndroidManifest.xml:20:5-66
	android:name
		ADDED from src\main\AndroidManifest.xml:20:22-64
uses-permission#android.permission.VIBRATE
ADDED from src\main\AndroidManifest.xml:22:5-65
	android:name
		ADDED from src\main\AndroidManifest.xml:22:22-63
uses-feature#0x00020000
ADDED from src\main\AndroidManifest.xml:25:5-78
	android:glEsVersion
		ADDED from src\main\AndroidManifest.xml:25:19-51
	android:required
		ADDED from src\main\AndroidManifest.xml:25:52-75
application
ADDED from src\main\AndroidManifest.xml:27:5-51:19
	android:label
		ADDED from src\main\AndroidManifest.xml:31:9-41
	android:supportsRtl
		ADDED from src\main\AndroidManifest.xml:32:9-35
	android:allowBackup
		ADDED from src\main\AndroidManifest.xml:29:9-35
	android:icon
		ADDED from src\main\AndroidManifest.xml:30:9-43
	android:name
		ADDED from src\main\AndroidManifest.xml:28:9-45
meta-data#com.baidu.lbsapi.API_KEY
ADDED from src\main\AndroidManifest.xml:33:9-35:63
	android:value
		ADDED from src\main\AndroidManifest.xml:35:13-61
	android:name
		ADDED from src\main\AndroidManifest.xml:34:13-52
activity#com.baidu.bikenavi_demo.BNaviGuideActivity
ADDED from src\main\AndroidManifest.xml:37:9-39:20
	android:name
		ADDED from src\main\AndroidManifest.xml:37:19-53
activity#com.baidu.bikenavi_demo.BNaviMainActivity
ADDED from src\main\AndroidManifest.xml:40:9-46:20
	android:name
		ADDED from src\main\AndroidManifest.xml:40:19-52
intent-filter#android.intent.action.MAIN+android.intent.category.LAUNCHER
ADDED from src\main\AndroidManifest.xml:41:13-45:29
action#android.intent.action.MAIN
ADDED from src\main\AndroidManifest.xml:42:17-68
	android:name
		ADDED from src\main\AndroidManifest.xml:42:25-66
category#android.intent.category.LAUNCHER
ADDED from src\main\AndroidManifest.xml:44:17-76
	android:name
		ADDED from src\main\AndroidManifest.xml:44:27-74
service#com.baidu.location.f
ADDED from src\main\AndroidManifest.xml:48:9-49:19
	android:enabled
		ADDED from src\main\AndroidManifest.xml:48:54-76
	android:process
		ADDED from src\main\AndroidManifest.xml:48:77-102
	android:name
		ADDED from src\main\AndroidManifest.xml:48:18-53
uses-sdk
INJECTED from src\main\AndroidManifest.xml reason: use-sdk injection requested
	android:targetSdkVersion
		INJECTED from src\main\AndroidManifest.xml
		INJECTED from src\main\AndroidManifest.xml
	android:minSdkVersion
		INJECTED from src\main\AndroidManifest.xml
		INJECTED from src\main\AndroidManifest.xml